# JRE version: Java(TM) SE Runtime Environment (8.0_201-b09) (build 1.8.0_201-b09)
# Java VM: Java HotSpot(TM) 64-Bit Server VM (25.201-b09 mixed mode windows-amd64 compressed oops)
Heap:
 PSYoungGen      total 200704K, used 28318K [0x000000076b800000, 0x0000000788000000, 0x00000007c0000000)
  eden space 200192K, 14% used [0x000000076b800000,0x000000076d35fb08,0x0000000777b80000)
  from space 512K, 56% used [0x0000000787f80000,0x0000000787fc8000,0x0000000788000000)
  to   space 512K, 0% used [0x0000000787f00000,0x0000000787f00000,0x0000000787f80000)
 ParOldGen       total 173568K, used 156152K [0x00000006c2800000, 0x00000006cd180000, 0x000000076b800000)
  object space 173568K, 89% used [0x00000006c2800000,0x00000006cc07e0a8,0x00000006cd180000)
 Metaspace       used 17612K, capacity 17846K, committed 18048K, reserved 1064960K
  class space    used 2097K, capacity 2168K, committed 2176K, reserved 1048576K
GC Heap History (10 events):
Event: 560.726 GC heap before
{Heap before GC invocations=3734 (full 0):
 PSYoungGen      total 242688K, used 242400K [0x000000076b800000, 0x0000000788000000, 0x00000007c0000000)
  eden space 242176K, 100% used [0x000000076b800000,0x000000077a480000,0x000000077a480000)
  from space 512K, 43% used [0x0000000787f00000,0x0000000787f38000,0x0000000787f80000)
  to   space 512K, 0% used [0x0000000787f80000,0x0000000787f80000,0x0000000788000000)
 ParOldGen       total 173568K, used 155952K [0x00000006c2800000, 0x00000006cd180000, 0x000000076b800000)
  object space 173568K, 89% used [0x00000006c2800000,0x00000006cc04c0a8,0x00000006cd180000)
 Metaspace       used 17612K, capacity 17846K, committed 18048K, reserved 1064960K
  class space    used 2097K, capacity 2168K, committed 2176K, reserved 1048576K
Event: 560.727 GC heap after
Heap after GC invocations=3734 (full 0):
 PSYoungGen      total 233472K, used 288K [0x000000076b800000, 0x0000000788000000, 0x00000007c0000000)
  eden space 232960K, 0% used [0x000000076b800000,0x000000076b800000,0x0000000779b80000)
  from space 512K, 56% used [0x0000000787f80000,0x0000000787fc8000,0x0000000788000000)
  to   space 512K, 0% used [0x0000000787f00000,0x0000000787f00000,0x0000000787f80000)
 ParOldGen       total 173568K, used 156008K [0x00000006c2800000, 0x00000006cd180000, 0x000000076b800000)
  object space 173568K, 89% used [0x00000006c2800000,0x00000006cc05a0a8,0x00000006cd180000)
 Metaspace       used 17612K, capacity 17846K, committed 18048K, reserved 1064960K
  class space    used 2097K, capacity 2168K, committed 2176K, reserved 1048576K
}
Event: 560.994 GC heap before
{Heap before GC invocations=3735 (full 0):
 PSYoungGen      total 233472K, used 233248K [0x000000076b800000, 0x0000000788000000, 0x00000007c0000000)
  eden space 232960K, 100% used [0x000000076b800000,0x0000000779b80000,0x0000000779b80000)
  from space 512K, 56% used [0x0000000787f80000,0x0000000787fc8000,0x0000000788000000)
  to   space 512K, 0% used [0x0000000787f00000,0x0000000787f00000,0x0000000787f80000)
 ParOldGen       total 173568K, used 156008K [0x00000006c2800000, 0x00000006cd180000, 0x000000076b800000)
  object space 173568K, 89% used [0x00000006c2800000,0x00000006cc05a0a8,0x00000006cd180000)
 Metaspace       used 17612K, capacity 17846K, committed 18048K, reserved 1064960K
  class space    used 2097K, capacity 2168K, committed 2176K, reserved 1048576K
Event: 560.995 GC heap after
Heap after GC invocations=3735 (full 0):
 PSYoungGen      total 224768K, used 288K [0x000000076b800000, 0x0000000788000000, 0x00000007c0000000)
  eden space 224256K, 0% used [0x000000076b800000,0x000000076b800000,0x0000000779300000)
  from space 512K, 56% used [0x0000000787f00000,0x0000000787f48000,0x0000000787f80000)
  to   space 512K, 0% used [0x0000000787f80000,0x0000000787f80000,0x0000000788000000)
 ParOldGen       total 173568K, used 156008K [0x00000006c2800000, 0x00000006cd180000, 0x000000076b800000)
  object space 173568K, 89% used [0x00000006c2800000,0x00000006cc05a0a8,0x00000006cd180000)
 Metaspace       used 17612K, capacity 17846K, committed 18048K, reserved 1064960K
  class space    used 2097K, capacity 2168K, committed 2176K, reserved 1048576K
}
Event: 561.264 GC heap before
{Heap before GC invocations=3736 (full 0):
 PSYoungGen      total 224768K, used 224544K [0x000000076b800000, 0x0000000788000000, 0x00000007c0000000)
  eden space 224256K, 100% used [0x000000076b800000,0x0000000779300000,0x0000000779300000)
  from space 512K, 56% used [0x0000000787f00000,0x0000000787f48000,0x0000000787f80000)
  to   space 512K, 0% used [0x0000000787f80000,0x0000000787f80000,0x0000000788000000)
 ParOldGen       total 173568K, used 156008K [0x00000006c2800000, 0x00000006cd180000, 0x000000076b800000)
  object space 173568K, 89% used [0x00000006c2800000,0x00000006cc05a0a8,0x00000006cd180000)
 Metaspace       used 17612K, capacity 17846K, committed 18048K, reserved 1064960K
  class space    used 2097K, capacity 2168K, committed 2176K, reserved 1048576K
Event: 561.265 GC heap after
Heap after GC invocations=3736 (full 0):
 PSYoungGen      total 216576K, used 288K [0x000000076b800000, 0x0000000788000000, 0x00000007c0000000)
  eden space 216064K, 0% used [0x000000076b800000,0x000000076b800000,0x0000000778b00000)
  from space 512K, 56% used [0x0000000787f80000,0x0000000787fc8000,0x0000000788000000)
  to   space 512K, 0% used [0x0000000787f00000,0x0000000787f00000,0x0000000787f80000)
 ParOldGen       total 173568K, used 156072K [0x00000006c2800000, 0x00000006cd180000, 0x000000076b800000)
  object space 173568K, 89% used [0x00000006c2800000,0x00000006cc06a0a8,0x00000006cd180000)
 Metaspace       used 17612K, capacity 17846K, committed 18048K, reserved 1064960K
  class space    used 2097K, capacity 2168K, committed 2176K, reserved 1048576K
}
Event: 561.507 GC heap before
{Heap before GC invocations=3737 (full 0):
 PSYoungGen      total 216576K, used 216352K [0x000000076b800000, 0x0000000788000000, 0x00000007c0000000)
  eden space 216064K, 100% used [0x000000076b800000,0x0000000778b00000,0x0000000778b00000)
  from space 512K, 56% used [0x0000000787f80000,0x0000000787fc8000,0x0000000788000000)
  to   space 512K, 0% used [0x0000000787f00000,0x0000000787f00000,0x0000000787f80000)
 ParOldGen       total 173568K, used 156072K [0x00000006c2800000, 0x00000006cd180000, 0x000000076b800000)
  object space 173568K, 89% used [0x00000006c2800000,0x00000006cc06a0a8,0x00000006cd180000)
 Metaspace       used 17612K, capacity 17846K, committed 18048K, reserved 1064960K
  class space    used 2097K, capacity 2168K, committed 2176K, reserved 1048576K
Event: 561.508 GC heap after
Heap after GC invocations=3737 (full 0):
 PSYoungGen      total 208384K, used 256K [0x000000076b800000, 0x0000000788000000, 0x00000007c0000000)
  eden space 207872K, 0% used [0x000000076b800000,0x000000076b800000,0x0000000778300000)
  from space 512K, 50% used [0x0000000787f00000,0x0000000787f40000,0x0000000787f80000)
  to   space 512K, 0% used [0x0000000787f80000,0x0000000787f80000,0x0000000788000000)
 ParOldGen       total 173568K, used 156088K [0x00000006c2800000, 0x00000006cd180000, 0x000000076b800000)
  object space 173568K, 89% used [0x00000006c2800000,0x00000006cc06e0a8,0x00000006cd180000)
 Metaspace       used 17612K, capacity 17846K, committed 18048K, reserved 1064960K
  class space    used 2097K, capacity 2168K, committed 2176K, reserved 1048576K
}
Event: 561.760 GC heap before
{Heap before GC invocations=3738 (full 0):
 PSYoungGen      total 208384K, used 208128K [0x000000076b800000, 0x0000000788000000, 0x00000007c0000000)
  eden space 207872K, 100% used [0x000000076b800000,0x0000000778300000,0x0000000778300000)
  from space 512K, 50% used [0x0000000787f00000,0x0000000787f40000,0x0000000787f80000)
  to   space 512K, 0% used [0x0000000787f80000,0x0000000787f80000,0x0000000788000000)
 ParOldGen       total 173568K, used 156088K [0x00000006c2800000, 0x00000006cd180000, 0x000000076b800000)
  object space 173568K, 89% used [0x00000006c2800000,0x00000006cc06e0a8,0x00000006cd180000)
 Metaspace       used 17612K, capacity 17846K, committed 18048K, reserved 1064960K
  class space    used 2097K, capacity 2168K, committed 2176K, reserved 1048576K
Event: 561.762 GC heap after
Heap after GC invocations=3738 (full 0):
 PSYoungGen      total 200704K, used 288K [0x000000076b800000, 0x0000000788000000, 0x00000007c0000000)
  eden space 200192K, 0% used [0x000000076b800000,0x000000076b800000,0x0000000777b80000)
  from space 512K, 56% used [0x0000000787f80000,0x0000000787fc8000,0x0000000788000000)
  to   space 512K, 0% used [0x0000000787f00000,0x0000000787f00000,0x0000000787f80000)
 ParOldGen       total 173568K, used 156152K [0x00000006c2800000, 0x00000006cd180000, 0x000000076b800000)
  object space 173568K, 89% used [0x00000006c2800000,0x00000006cc07e0a8,0x00000006cd180000)
 Metaspace       used 17612K, capacity 17846K, committed 18048K, reserved 1064960K
  class space    used 2097K, capacity 2168K, committed 2176K, reserved 1048576K
}

